<?xml version="1.0" encoding="UTF-8"?>
<!-- Generated by org.testng.reporters.JUnitReportReporter -->
<testsuite hostname="LAPTOP-LFOGEP19" failures="0" tests="1" name="Tests.LoginTest" time="10.831" errors="0" timestamp="2023-04-04T10:24:36 CDT" skipped="0">
  <testcase classname="Tests.LoginTest" name="loginTest" time="10.831"/>
  <system-out/>
</testsuite> <!-- Tests.LoginTest -->
