<?xml version="1.0" encoding="UTF-8"?>
<!-- Generated by org.testng.reporters.JUnitReportReporter -->
<testsuite hostname="LAPTOP-LFOGEP19" failures="0" tests="2" name="akila_Testng.Day_1_testng" time="0.010" errors="0" timestamp="2023-03-29T10:01:31 CDT" skipped="0">
  <testcase classname="akila_Testng.Day_1_testng" name="logout" time="0.009"/>
  <system-out/>
  <testcase classname="akila_Testng.Day_1_testng" name="method" time="0.001"/>
  <system-out/>
</testsuite> <!-- akila_Testng.Day_1_testng -->
